<?xml version="1.0" encoding="UTF-8"?>
<!-- Generated by org.testng.reporters.JUnitReportReporter -->
<testsuite hostname="DESKTOP-OQT2TSU" failures="0" tests="2" name="com.maven.mavensample.GooglesearchTest" time="2.382" errors="0" timestamp="2022-07-13T12:20:41 IST" skipped="0">
  <testcase classname="com.maven.mavensample.GooglesearchTest" name="TEST_02" time="0.025"/>
  <system-out/>
  <testcase classname="com.maven.mavensample.GooglesearchTest" name="TEST_01" time="2.357"/>
  <system-out/>
</testsuite> <!-- com.maven.mavensample.GooglesearchTest -->
